<?xml version="1.0" encoding="UTF-8"?>
<!-- Generated by org.testng.reporters.JUnitReportReporter -->
<testsuite skipped="0" hostname="kushan" name="runner.TestRunner" tests="1" failures="0" timestamp="11 Dec 2018 16:37:27 GMT" time="27.620" errors="0">
  <testcase name="feature" time="27.620" classname="runner.TestRunner"/>
</testsuite> <!-- runner.TestRunner -->
